
Showing logs for build [32mcb-kubecd-environment-pr-193-49-9fkjf-1[0m stage [32mfrom-build-pack[0m and container [32mstep-credential-initializer-wv9wh[0m
{"level":"warn","ts":1585926102.4623008,"logger":"fallback-logger","caller":"logging/config.go:69","msg":"Fetch GitHub commit ID from kodata failed: \"ref: refs/heads/0.8.0-**-support-backwards-incompats\" is not a valid GitHub commit ID"}
{"level":"info","ts":1585926102.4629946,"logger":"fallback-logger","caller":"creds-init/main.go:40","msg":"Credentials initialized."}

Showing logs for build [32mcb-kubecd-environment-pr-193-49-9fkjf-1[0m stage [32mfrom-build-pack[0m and container [32mstep-working-dir-initializer-prrjl[0m
{"level":"warn","ts":1585926103.5111432,"logger":"fallback-logger","caller":"logging/config.go:69","msg":"Fetch GitHub commit ID from kodata failed: open /var/run/ko/HEAD: no such file or directory"}
{"level":"info","ts":1585926103.512936,"logger":"fallback-logger","caller":"bash/main.go:64","msg":"Successfully executed command \"sh -c mkdir -p /workspace/source\"; output "}

Showing logs for build [32mcb-kubecd-environment-pr-193-49-9fkjf-1[0m stage [32mfrom-build-pack[0m and container [32mstep-place-tools[0m

Showing logs for build [32mcb-kubecd-environment-pr-193-49-9fkjf-1[0m stage [32mfrom-build-pack[0m and container [32mstep-git-source-cb-kubecd-environment-pr-193-49-9fkjf-4sssd[0m
{"level":"warn","ts":1585926106.6413646,"logger":"fallback-logger","caller":"logging/config.go:69","msg":"Fetch GitHub commit ID from kodata failed: \"ref: refs/heads/0.8.0-**-support-backwards-incompats\" is not a valid GitHub commit ID"}
{"level":"info","ts":1585926107.7497947,"logger":"fallback-logger","caller":"git/git.go:103","msg":"Successfully cloned https://github.com/cb-kubecd/environment-pr-193-49-boot-gke-staging.git @ master in path /workspace/source"}

Showing logs for build [32mcb-kubecd-environment-pr-193-49-9fkjf-1[0m stage [32mfrom-build-pack[0m and container [32mstep-git-merge[0m
Using SHAs from PULL_REFS=master:7d96f5a378b0b41d7dbb049c669f42e8fee3e8f7,3:da388d23b684634e6cb5d2c717e47f312046f493
DEBUG: LC_ALL=C JX_LOG_LEVEL=error git fetch origin --unshallow da388d23b684634e6cb5d2c717e47f312046f493: 7d96f5a378b0b41d7dbb049c669f42e8fee3e8f7:
DEBUG: ran git fetch --unshallow origin da388d23b684634e6cb5d2c717e47f312046f493: 7d96f5a378b0b41d7dbb049c669f42e8fee3e8f7: in 
DEBUG: LC_ALL=C JX_LOG_LEVEL=error git branch
DEBUG: LC_ALL=C JX_LOG_LEVEL=error git checkout master
DEBUG: ran git checkout master in 
DEBUG: LC_ALL=C JX_LOG_LEVEL=error git reset --hard 7d96f5a378b0b41d7dbb049c669f42e8fee3e8f7
DEBUG: ran git reset --hard 7d96f5a378b0b41d7dbb049c669f42e8fee3e8f7 in 
DEBUG: LC_ALL=C JX_LOG_LEVEL=error git clean -fd .
DEBUG: ran clean --force -d . in 
DEBUG: JX_LOG_LEVEL=error LC_ALL=C git merge da388d23b684634e6cb5d2c717e47f312046f493
DEBUG: ran git merge da388d23b684634e6cb5d2c717e47f312046f493 in 
DEBUG: LC_ALL=C JX_LOG_LEVEL=error git log --format=%H%x1f%an%x1f%ae%x1f%cn%x1f%ce%x1f%s%n%b%x1e 7d96f5a378b0b41d7dbb049c669f42e8fee3e8f7..HEAD
Merged SHA da388d23b684634e6cb5d2c717e47f312046f493 with commit message 'chore: Promote bdd-gh-1585925217 to version 0.0.1' into base branch master

Showing logs for build [32mcb-kubecd-environment-pr-193-49-9fkjf-1[0m stage [32mfrom-build-pack[0m and container [32mstep-build-helm-build[0m
WARNING: No $CHART_REPOSITORY defined so using the default value of: http://jenkins-x-chartmuseum:8080
Adding missing Helm repo: storage.googleapis.com https://storage.googleapis.com/chartmuseum.jenkins-x.io
WARNING: No secrets found on "helm/repos" due: reading the secret "helm/repos" from vault: no secret "helm/repos" not found in vault
Read credentials for https://storage.googleapis.com/chartmuseum.jenkins-x.io from vault helm/repos
Successfully added Helm repository storage.googleapis.com.
Adding missing Helm repo: jenkins-x-chartmuseum http://jenkins-x-chartmuseum:8080
WARNING: No secrets found on "helm/repos" due: reading the secret "helm/repos" from vault: no secret "helm/repos" not found in vault
Read credentials for http://jenkins-x-chartmuseum:8080 from vault helm/repos
Successfully added Helm repository jenkins-x-chartmuseum.
WARNING: No $CHART_REPOSITORY defined so using the default value of: http://jenkins-x-chartmuseum:8080
Adding missing Helm repo: chartmuseum.jenkins-x.io http://chartmuseum.jenkins-x.io
WARNING: No secrets found on "helm/repos" due: reading the secret "helm/repos" from vault: no secret "helm/repos" not found in vault
Read credentials for http://chartmuseum.jenkins-x.io from vault helm/repos
Successfully added Helm repository chartmuseum.jenkins-x.io.
