
Showing logs for build [32mcb-kubecd-environment-pr-193-49-ft8h2-1[0m stage [32mfrom-build-pack[0m and container [32mstep-credential-initializer-kt5pc[0m
{"level":"warn","ts":1585928043.3316698,"logger":"fallback-logger","caller":"logging/config.go:69","msg":"Fetch GitHub commit ID from kodata failed: \"ref: refs/heads/0.8.0-**-support-backwards-incompats\" is not a valid GitHub commit ID"}
{"level":"info","ts":1585928043.339007,"logger":"fallback-logger","caller":"creds-init/main.go:40","msg":"Credentials initialized."}

Showing logs for build [32mcb-kubecd-environment-pr-193-49-ft8h2-1[0m stage [32mfrom-build-pack[0m and container [32mstep-working-dir-initializer-hxb62[0m
{"level":"warn","ts":1585928045.0228841,"logger":"fallback-logger","caller":"logging/config.go:69","msg":"Fetch GitHub commit ID from kodata failed: open /var/run/ko/HEAD: no such file or directory"}
{"level":"info","ts":1585928045.0422397,"logger":"fallback-logger","caller":"bash/main.go:64","msg":"Successfully executed command \"sh -c mkdir -p /workspace/source\"; output "}

Showing logs for build [32mcb-kubecd-environment-pr-193-49-ft8h2-1[0m stage [32mfrom-build-pack[0m and container [32mstep-place-tools[0m

Showing logs for build [32mcb-kubecd-environment-pr-193-49-ft8h2-1[0m stage [32mfrom-build-pack[0m and container [32mstep-git-source-cb-kubecd-environment-pr-193-49-ft8h2-kxmtm[0m
{"level":"warn","ts":1585928051.5775344,"logger":"fallback-logger","caller":"logging/config.go:69","msg":"Fetch GitHub commit ID from kodata failed: \"ref: refs/heads/0.8.0-**-support-backwards-incompats\" is not a valid GitHub commit ID"}
{"level":"info","ts":1585928052.7350917,"logger":"fallback-logger","caller":"git/git.go:103","msg":"Successfully cloned https://github.com/cb-kubecd/environment-pr-193-49-boot-gke-staging.git @ master in path /workspace/source"}

Showing logs for build [32mcb-kubecd-environment-pr-193-49-ft8h2-1[0m stage [32mfrom-build-pack[0m and container [32mstep-git-merge[0m
Using SHAs from PULL_REFS=master:a6829ecf7e2efcbf1b3f3bf091c41b77cfc0b100,6:cc178f163105446bb679b4909ab38e4d82465a33
DEBUG: LC_ALL=C JX_LOG_LEVEL=error git fetch origin --unshallow cc178f163105446bb679b4909ab38e4d82465a33: a6829ecf7e2efcbf1b3f3bf091c41b77cfc0b100:
DEBUG: ran git fetch --unshallow origin cc178f163105446bb679b4909ab38e4d82465a33: a6829ecf7e2efcbf1b3f3bf091c41b77cfc0b100: in 
DEBUG: LC_ALL=C JX_LOG_LEVEL=error git branch
DEBUG: LC_ALL=C JX_LOG_LEVEL=error git checkout master
DEBUG: ran git checkout master in 
DEBUG: LC_ALL=C JX_LOG_LEVEL=error git reset --hard a6829ecf7e2efcbf1b3f3bf091c41b77cfc0b100
DEBUG: ran git reset --hard a6829ecf7e2efcbf1b3f3bf091c41b77cfc0b100 in 
DEBUG: LC_ALL=C JX_LOG_LEVEL=error git clean -fd .
DEBUG: ran clean --force -d . in 
DEBUG: LC_ALL=C JX_LOG_LEVEL=error git merge cc178f163105446bb679b4909ab38e4d82465a33
DEBUG: ran git merge cc178f163105446bb679b4909ab38e4d82465a33 in 
DEBUG: LC_ALL=C JX_LOG_LEVEL=error git log --format=%H%x1f%an%x1f%ae%x1f%cn%x1f%ce%x1f%s%n%b%x1e a6829ecf7e2efcbf1b3f3bf091c41b77cfc0b100..HEAD
Merged SHA cc178f163105446bb679b4909ab38e4d82465a33 with commit message 'chore: Promote bdd-nh-import-1585927453 to version 0.0.1' into base branch master

Showing logs for build [32mcb-kubecd-environment-pr-193-49-ft8h2-1[0m stage [32mfrom-build-pack[0m and container [32mstep-build-helm-build[0m
WARNING: No $CHART_REPOSITORY defined so using the default value of: http://jenkins-x-chartmuseum:8080
Adding missing Helm repo: storage.googleapis.com https://storage.googleapis.com/chartmuseum.jenkins-x.io
WARNING: No secrets found on "helm/repos" due: reading the secret "helm/repos" from vault: no secret "helm/repos" not found in vault
Read credentials for https://storage.googleapis.com/chartmuseum.jenkins-x.io from vault helm/repos
Successfully added Helm repository storage.googleapis.com.
Adding missing Helm repo: jenkins-x-chartmuseum http://jenkins-x-chartmuseum:8080
WARNING: No secrets found on "helm/repos" due: reading the secret "helm/repos" from vault: no secret "helm/repos" not found in vault
Read credentials for http://jenkins-x-chartmuseum:8080 from vault helm/repos
Successfully added Helm repository jenkins-x-chartmuseum.
WARNING: No $CHART_REPOSITORY defined so using the default value of: http://jenkins-x-chartmuseum:8080
Adding missing Helm repo: chartmuseum.jenkins-x.io http://chartmuseum.jenkins-x.io
WARNING: No secrets found on "helm/repos" due: reading the secret "helm/repos" from vault: no secret "helm/repos" not found in vault
Read credentials for http://chartmuseum.jenkins-x.io from vault helm/repos
Successfully added Helm repository chartmuseum.jenkins-x.io.
